<?xml version="1.0" encoding="UTF-8"?>
<robot generator="Robot 6.1.1 (Python 3.10.12 on linux)" generated="20241113 23:38:41.588" rpa="false" schemaversion="4">
<suite id="s1" name="Register" source="/home/salonout/palautusrepositorio/viikko3/web-login/src/tests/register.robot">
<kw name="Open And Configure Browser" library="resource" type="SETUP">
<if>
<branch type="IF" condition="$BROWSER == 'chrome'">
<kw name="Evaluate" library="BuiltIn">
<var>${options}</var>
<arg>sys.modules['selenium.webdriver'].ChromeOptions()</arg>
<arg>sys</arg>
<doc>Evaluates the given expression in Python and returns the result.</doc>
<msg timestamp="20241113 23:38:41.851" level="INFO">${options} = &lt;selenium.webdriver.chrome.options.Options object at 0x748edc6a7dc0&gt;</msg>
<status status="PASS" starttime="20241113 23:38:41.850" endtime="20241113 23:38:41.851"/>
</kw>
<status status="PASS" starttime="20241113 23:38:41.847" endtime="20241113 23:38:41.851"/>
</branch>
<branch type="ELSE IF" condition="$BROWSER == 'firefox'">
<kw name="Evaluate" library="BuiltIn">
<var>${options}</var>
<arg>sys.modules['selenium.webdriver'].FirefoxOptions()</arg>
<arg>sys</arg>
<doc>Evaluates the given expression in Python and returns the result.</doc>
<status status="NOT RUN" starttime="20241113 23:38:41.851" endtime="20241113 23:38:41.851"/>
</kw>
<status status="NOT RUN" starttime="20241113 23:38:41.851" endtime="20241113 23:38:41.851"/>
</branch>
<status status="PASS" starttime="20241113 23:38:41.847" endtime="20241113 23:38:41.851"/>
</if>
<if>
<branch type="IF" condition="$HEADLESS == 'true'">
<kw name="Set Selenium Speed" library="SeleniumLibrary">
<arg>0</arg>
<doc>Sets the delay that is waited after each Selenium command.</doc>
<status status="NOT RUN" starttime="20241113 23:38:41.851" endtime="20241113 23:38:41.851"/>
</kw>
<kw name="Call Method" library="BuiltIn">
<arg>${options}</arg>
<arg>add_argument</arg>
<arg>--headless</arg>
<doc>Calls the named method of the given object with the provided arguments.</doc>
<status status="NOT RUN" starttime="20241113 23:38:41.851" endtime="20241113 23:38:41.851"/>
</kw>
<status status="NOT RUN" starttime="20241113 23:38:41.851" endtime="20241113 23:38:41.851"/>
</branch>
<branch type="ELSE">
<kw name="Set Selenium Speed" library="SeleniumLibrary">
<arg>${DELAY}</arg>
<doc>Sets the delay that is waited after each Selenium command.</doc>
<status status="PASS" starttime="20241113 23:38:41.851" endtime="20241113 23:38:41.852"/>
</kw>
<status status="PASS" starttime="20241113 23:38:41.851" endtime="20241113 23:38:41.852"/>
</branch>
<status status="PASS" starttime="20241113 23:38:41.851" endtime="20241113 23:38:41.852"/>
</if>
<kw name="Open Browser" library="SeleniumLibrary">
<arg>browser=${BROWSER}</arg>
<arg>options=${options}</arg>
<doc>Opens a new browser instance to the optional ``url``.</doc>
<msg timestamp="20241113 23:38:41.853" level="INFO">Opening browser 'chrome' to base url 'None'.</msg>
<msg timestamp="20241113 23:38:41.917" level="WARN">The chromedriver version (130.0.6723.91) detected in PATH at /usr/bin/chromedriver might not be compatible with the detected chrome version (131.0.6778.69); currently, chromedriver 131.0.6778.69 is recommended for chrome 131.*, so it is advised to delete the driver in PATH and retry</msg>
<status status="PASS" starttime="20241113 23:38:41.852" endtime="20241113 23:38:42.636"/>
</kw>
<status status="PASS" starttime="20241113 23:38:41.847" endtime="20241113 23:38:42.636"/>
</kw>
<test id="s1-t1" name="Login After Failed Registration" line="63">
<kw name="Reset Application Create User And Go To Register Page" type="SETUP">
<kw name="Reset Application" library="AppLibrary">
<status status="PASS" starttime="20241113 23:38:42.640" endtime="20241113 23:38:42.649"/>
</kw>
<kw name="Create User" library="AppLibrary">
<arg>kalle</arg>
<arg>kalle123</arg>
<status status="PASS" starttime="20241113 23:38:42.649" endtime="20241113 23:38:42.661"/>
</kw>
<kw name="Go To Register Page" library="resource">
<kw name="Go To" library="SeleniumLibrary">
<arg>${REGISTER_URL}</arg>
<doc>Navigates the current browser window to the provided ``url``.</doc>
<msg timestamp="20241113 23:38:42.662" level="INFO">Opening url 'http://localhost:5001/register'</msg>
<status status="PASS" starttime="20241113 23:38:42.661" endtime="20241113 23:38:43.271"/>
</kw>
<status status="PASS" starttime="20241113 23:38:42.661" endtime="20241113 23:38:43.271"/>
</kw>
<status status="PASS" starttime="20241113 23:38:42.638" endtime="20241113 23:38:43.272"/>
</kw>
<kw name="Set Username">
<arg>newuser</arg>
<kw name="Input Text" library="SeleniumLibrary">
<arg>username</arg>
<arg>${username}</arg>
<doc>Types the given ``text`` into the text field identified by ``locator``.</doc>
<msg timestamp="20241113 23:38:43.275" level="INFO">Typing text 'newuser' into text field 'username'.</msg>
<status status="PASS" starttime="20241113 23:38:43.273" endtime="20241113 23:38:44.944"/>
</kw>
<status status="PASS" starttime="20241113 23:38:43.272" endtime="20241113 23:38:44.945"/>
</kw>
<kw name="Set Password">
<arg>invalidPassword</arg>
<kw name="Input Password" library="SeleniumLibrary">
<arg>password</arg>
<arg>${password}</arg>
<doc>Types the given password into the text field identified by ``locator``.</doc>
<msg timestamp="20241113 23:38:44.948" level="INFO">Typing password into text field 'password'.</msg>
<msg timestamp="20241113 23:38:46.011" level="INFO">Temporally setting log level to: NONE</msg>
<msg timestamp="20241113 23:38:46.594" level="INFO">Log level changed from NONE to INFO.</msg>
<status status="PASS" starttime="20241113 23:38:44.947" endtime="20241113 23:38:46.595"/>
</kw>
<status status="PASS" starttime="20241113 23:38:44.945" endtime="20241113 23:38:46.595"/>
</kw>
<kw name="Set Password Confirmation">
<arg>invalidPassword</arg>
<kw name="Input Password" library="SeleniumLibrary">
<arg>password_confirmation</arg>
<arg>${password_confirmation}</arg>
<doc>Types the given password into the text field identified by ``locator``.</doc>
<msg timestamp="20241113 23:38:46.597" level="INFO">Typing password into text field 'password_confirmation'.</msg>
<msg timestamp="20241113 23:38:47.657" level="INFO">Temporally setting log level to: NONE</msg>
<msg timestamp="20241113 23:38:48.230" level="INFO">Log level changed from NONE to INFO.</msg>
<status status="PASS" starttime="20241113 23:38:46.596" endtime="20241113 23:38:48.230"/>
</kw>
<status status="PASS" starttime="20241113 23:38:46.595" endtime="20241113 23:38:48.230"/>
</kw>
<kw name="Submit Registration">
<kw name="Click Button" library="SeleniumLibrary">
<arg>Register</arg>
<doc>Clicks the button identified by ``locator``.</doc>
<msg timestamp="20241113 23:38:48.232" level="INFO">Clicking button 'Register'.</msg>
<status status="PASS" starttime="20241113 23:38:48.231" endtime="20241113 23:38:50.369"/>
</kw>
<status status="PASS" starttime="20241113 23:38:48.231" endtime="20241113 23:38:50.369"/>
</kw>
<kw name="Registration Should Fail With Message">
<arg>Password cannot contain only letters</arg>
<kw name="Register Page Should Be Open" library="resource">
<kw name="Title Should Be" library="SeleniumLibrary">
<arg>Register</arg>
<doc>Verifies that the current page title equals ``title``.</doc>
<msg timestamp="20241113 23:38:50.883" level="INFO">Page title is 'Register'.</msg>
<status status="PASS" starttime="20241113 23:38:50.372" endtime="20241113 23:38:50.884"/>
</kw>
<status status="PASS" starttime="20241113 23:38:50.371" endtime="20241113 23:38:50.884"/>
</kw>
<kw name="Page Should Contain" library="SeleniumLibrary">
<arg>${message}</arg>
<doc>Verifies that current page contains ``text``.</doc>
<msg timestamp="20241113 23:38:51.919" level="INFO">Current page contains text 'Password cannot contain only letters'.</msg>
<status status="PASS" starttime="20241113 23:38:50.885" endtime="20241113 23:38:51.919"/>
</kw>
<status status="PASS" starttime="20241113 23:38:50.370" endtime="20241113 23:38:51.920"/>
</kw>
<kw name="Go To Login Page" library="resource">
<kw name="Go To" library="SeleniumLibrary">
<arg>${LOGIN_URL}</arg>
<doc>Navigates the current browser window to the provided ``url``.</doc>
<msg timestamp="20241113 23:38:51.923" level="INFO">Opening url 'http://localhost:5001/login'</msg>
<status status="PASS" starttime="20241113 23:38:51.922" endtime="20241113 23:38:52.464"/>
</kw>
<status status="PASS" starttime="20241113 23:38:51.921" endtime="20241113 23:38:52.464"/>
</kw>
<kw name="Set Username">
<arg>newuser</arg>
<kw name="Input Text" library="SeleniumLibrary">
<arg>username</arg>
<arg>${username}</arg>
<doc>Types the given ``text`` into the text field identified by ``locator``.</doc>
<msg timestamp="20241113 23:38:52.466" level="INFO">Typing text 'newuser' into text field 'username'.</msg>
<status status="PASS" starttime="20241113 23:38:52.465" endtime="20241113 23:38:54.097"/>
</kw>
<status status="PASS" starttime="20241113 23:38:52.465" endtime="20241113 23:38:54.097"/>
</kw>
<kw name="Set Password">
<arg>validPassword1</arg>
<kw name="Input Password" library="SeleniumLibrary">
<arg>password</arg>
<arg>${password}</arg>
<doc>Types the given password into the text field identified by ``locator``.</doc>
<msg timestamp="20241113 23:38:54.101" level="INFO">Typing password into text field 'password'.</msg>
<msg timestamp="20241113 23:38:55.152" level="INFO">Temporally setting log level to: NONE</msg>
<msg timestamp="20241113 23:38:55.731" level="INFO">Log level changed from NONE to INFO.</msg>
<status status="PASS" starttime="20241113 23:38:54.100" endtime="20241113 23:38:55.732"/>
</kw>
<status status="PASS" starttime="20241113 23:38:54.098" endtime="20241113 23:38:55.732"/>
</kw>
<kw name="Submit Credentials">
<kw name="Click Button" library="SeleniumLibrary">
<arg>Login</arg>
<doc>Clicks the button identified by ``locator``.</doc>
<msg timestamp="20241113 23:38:55.735" level="INFO">Clicking button 'Login'.</msg>
<status status="PASS" starttime="20241113 23:38:55.734" endtime="20241113 23:38:57.878"/>
</kw>
<status status="PASS" starttime="20241113 23:38:55.733" endtime="20241113 23:38:57.879"/>
</kw>
<kw name="Login Should Fail With Message">
<arg>Invalid username or password</arg>
<kw name="Login Page Should Be Open" library="resource">
<kw name="Title Should Be" library="SeleniumLibrary">
<arg>Login</arg>
<doc>Verifies that the current page title equals ``title``.</doc>
<msg timestamp="20241113 23:38:58.395" level="INFO">Page title is 'Login'.</msg>
<status status="PASS" starttime="20241113 23:38:57.882" endtime="20241113 23:38:58.395"/>
</kw>
<status status="PASS" starttime="20241113 23:38:57.881" endtime="20241113 23:38:58.396"/>
</kw>
<kw name="Page Should Contain" library="SeleniumLibrary">
<arg>${message}</arg>
<doc>Verifies that current page contains ``text``.</doc>
<msg timestamp="20241113 23:38:59.430" level="INFO">Current page contains text 'Invalid username or password'.</msg>
<status status="PASS" starttime="20241113 23:38:58.396" endtime="20241113 23:38:59.430"/>
</kw>
<status status="PASS" starttime="20241113 23:38:57.880" endtime="20241113 23:38:59.431"/>
</kw>
<status status="PASS" starttime="20241113 23:38:42.636" endtime="20241113 23:38:59.431"/>
</test>
<kw name="Close Browser" library="SeleniumLibrary" type="TEARDOWN">
<doc>Closes the current browser.</doc>
<status status="PASS" starttime="20241113 23:38:59.433" endtime="20241113 23:38:59.994"/>
</kw>
<status status="PASS" starttime="20241113 23:38:41.589" endtime="20241113 23:38:59.994"/>
</suite>
<statistics>
<total>
<stat pass="1" fail="0" skip="0">All Tests</stat>
</total>
<tag>
</tag>
<suite>
<stat pass="1" fail="0" skip="0" id="s1" name="Register">Register</stat>
</suite>
</statistics>
<errors>
<msg timestamp="20241113 23:38:41.845" level="ERROR">Error in file '/home/salonout/palautusrepositorio/viikko3/web-login/src/tests/login.robot' on line 3: Setting 'Suite Setup' is not allowed in resource file.</msg>
<msg timestamp="20241113 23:38:41.845" level="ERROR">Error in file '/home/salonout/palautusrepositorio/viikko3/web-login/src/tests/login.robot' on line 4: Setting 'Suite Teardown' is not allowed in resource file.</msg>
<msg timestamp="20241113 23:38:41.845" level="ERROR">Error in file '/home/salonout/palautusrepositorio/viikko3/web-login/src/tests/login.robot' on line 5: Setting 'Test Setup' is not allowed in resource file.</msg>
<msg timestamp="20241113 23:38:41.846" level="ERROR">Error in file '/home/salonout/palautusrepositorio/viikko3/web-login/src/tests/register.robot' on line 3: Error in file '/home/salonout/palautusrepositorio/viikko3/web-login/src/tests/login.robot' on line 7: Resource file with 'Test Cases' section is invalid.</msg>
<msg timestamp="20241113 23:38:41.917" level="WARN">The chromedriver version (130.0.6723.91) detected in PATH at /usr/bin/chromedriver might not be compatible with the detected chrome version (131.0.6778.69); currently, chromedriver 131.0.6778.69 is recommended for chrome 131.*, so it is advised to delete the driver in PATH and retry</msg>
</errors>
</robot>
