<?xml version="1.0" encoding="UTF-8"?>
<robot generator="Robot 6.1.1 (Python 3.10.12 on linux)" generated="20241113 22:26:08.077" rpa="false" schemaversion="4">
<suite id="s1" name="Tests" source="/home/salonout/palautusrepositorio/viikko3/web-login/src/tests">
<suite id="s1-s1" name="Home" source="/home/salonout/palautusrepositorio/viikko3/web-login/src/tests/home.robot">
<kw name="Open And Configure Browser" library="resource" type="SETUP">
<if>
<branch type="IF" condition="$BROWSER == 'chrome'">
<kw name="Evaluate" library="BuiltIn">
<var>${options}</var>
<arg>sys.modules['selenium.webdriver'].ChromeOptions()</arg>
<arg>sys</arg>
<doc>Evaluates the given expression in Python and returns the result.</doc>
<msg timestamp="20241113 22:26:08.337" level="INFO">${options} = &lt;selenium.webdriver.chrome.options.Options object at 0x7d30d136f820&gt;</msg>
<status status="PASS" starttime="20241113 22:26:08.337" endtime="20241113 22:26:08.337"/>
</kw>
<status status="PASS" starttime="20241113 22:26:08.322" endtime="20241113 22:26:08.337"/>
</branch>
<branch type="ELSE IF" condition="$BROWSER == 'firefox'">
<kw name="Evaluate" library="BuiltIn">
<var>${options}</var>
<arg>sys.modules['selenium.webdriver'].FirefoxOptions()</arg>
<arg>sys</arg>
<doc>Evaluates the given expression in Python and returns the result.</doc>
<status status="NOT RUN" starttime="20241113 22:26:08.337" endtime="20241113 22:26:08.337"/>
</kw>
<status status="NOT RUN" starttime="20241113 22:26:08.337" endtime="20241113 22:26:08.337"/>
</branch>
<status status="PASS" starttime="20241113 22:26:08.322" endtime="20241113 22:26:08.337"/>
</if>
<if>
<branch type="IF" condition="$HEADLESS == 'true'">
<kw name="Set Selenium Speed" library="SeleniumLibrary">
<arg>0</arg>
<doc>Sets the delay that is waited after each Selenium command.</doc>
<status status="NOT RUN" starttime="20241113 22:26:08.338" endtime="20241113 22:26:08.338"/>
</kw>
<kw name="Call Method" library="BuiltIn">
<arg>${options}</arg>
<arg>add_argument</arg>
<arg>--headless</arg>
<doc>Calls the named method of the given object with the provided arguments.</doc>
<status status="NOT RUN" starttime="20241113 22:26:08.338" endtime="20241113 22:26:08.338"/>
</kw>
<status status="NOT RUN" starttime="20241113 22:26:08.337" endtime="20241113 22:26:08.338"/>
</branch>
<branch type="ELSE">
<kw name="Set Selenium Speed" library="SeleniumLibrary">
<arg>${DELAY}</arg>
<doc>Sets the delay that is waited after each Selenium command.</doc>
<status status="PASS" starttime="20241113 22:26:08.338" endtime="20241113 22:26:08.338"/>
</kw>
<status status="PASS" starttime="20241113 22:26:08.338" endtime="20241113 22:26:08.338"/>
</branch>
<status status="PASS" starttime="20241113 22:26:08.337" endtime="20241113 22:26:08.338"/>
</if>
<kw name="Open Browser" library="SeleniumLibrary">
<arg>browser=${BROWSER}</arg>
<arg>options=${options}</arg>
<doc>Opens a new browser instance to the optional ``url``.</doc>
<msg timestamp="20241113 22:26:08.339" level="INFO">Opening browser 'chrome' to base url 'None'.</msg>
<msg timestamp="20241113 22:26:08.397" level="WARN">The chromedriver version (130.0.6723.91) detected in PATH at /usr/bin/chromedriver might not be compatible with the detected chrome version (131.0.6778.69); currently, chromedriver 131.0.6778.69 is recommended for chrome 131.*, so it is advised to delete the driver in PATH and retry</msg>
<status status="PASS" starttime="20241113 22:26:08.338" endtime="20241113 22:26:09.054"/>
</kw>
<status status="PASS" starttime="20241113 22:26:08.321" endtime="20241113 22:26:09.055"/>
</kw>
<test id="s1-s1-t1" name="Click Login Link" line="8">
<kw name="Reset Application And Go To Starting Page" type="SETUP">
<kw name="Reset Application" library="AppLibrary">
<status status="PASS" starttime="20241113 22:26:09.056" endtime="20241113 22:26:09.063"/>
</kw>
<kw name="Go To Starting Page" library="resource">
<kw name="Go To" library="SeleniumLibrary">
<arg>${HOME_URL}</arg>
<doc>Navigates the current browser window to the provided ``url``.</doc>
<msg timestamp="20241113 22:26:09.064" level="INFO">Opening url 'http://localhost:5001'</msg>
<status status="PASS" starttime="20241113 22:26:09.064" endtime="20241113 22:26:09.650"/>
</kw>
<status status="PASS" starttime="20241113 22:26:09.063" endtime="20241113 22:26:09.651"/>
</kw>
<status status="PASS" starttime="20241113 22:26:09.056" endtime="20241113 22:26:09.651"/>
</kw>
<kw name="Click Link" library="SeleniumLibrary">
<arg>Login</arg>
<doc>Clicks a link identified by ``locator``.</doc>
<msg timestamp="20241113 22:26:09.654" level="INFO">Clicking link 'Login'.</msg>
<status status="PASS" starttime="20241113 22:26:09.652" endtime="20241113 22:26:11.306"/>
</kw>
<kw name="Login Page Should Be Open" library="resource">
<kw name="Title Should Be" library="SeleniumLibrary">
<arg>Login</arg>
<doc>Verifies that the current page title equals ``title``.</doc>
<msg timestamp="20241113 22:26:11.821" level="INFO">Page title is 'Login'.</msg>
<status status="PASS" starttime="20241113 22:26:11.308" endtime="20241113 22:26:11.821"/>
</kw>
<status status="PASS" starttime="20241113 22:26:11.307" endtime="20241113 22:26:11.822"/>
</kw>
<status status="PASS" starttime="20241113 22:26:09.055" endtime="20241113 22:26:11.822"/>
</test>
<test id="s1-s1-t2" name="Click Register Link" line="12">
<kw name="Reset Application And Go To Starting Page" type="SETUP">
<kw name="Reset Application" library="AppLibrary">
<status status="PASS" starttime="20241113 22:26:11.825" endtime="20241113 22:26:11.830"/>
</kw>
<kw name="Go To Starting Page" library="resource">
<kw name="Go To" library="SeleniumLibrary">
<arg>${HOME_URL}</arg>
<doc>Navigates the current browser window to the provided ``url``.</doc>
<msg timestamp="20241113 22:26:11.832" level="INFO">Opening url 'http://localhost:5001'</msg>
<status status="PASS" starttime="20241113 22:26:11.831" endtime="20241113 22:26:12.375"/>
</kw>
<status status="PASS" starttime="20241113 22:26:11.831" endtime="20241113 22:26:12.376"/>
</kw>
<status status="PASS" starttime="20241113 22:26:11.824" endtime="20241113 22:26:12.376"/>
</kw>
<kw name="Click Link" library="SeleniumLibrary">
<arg>Register new user</arg>
<doc>Clicks a link identified by ``locator``.</doc>
<msg timestamp="20241113 22:26:12.379" level="INFO">Clicking link 'Register new user'.</msg>
<status status="PASS" starttime="20241113 22:26:12.377" endtime="20241113 22:26:13.999"/>
</kw>
<kw name="Register Page Should Be Open" library="resource">
<kw name="Title Should Be" library="SeleniumLibrary">
<arg>Register</arg>
<doc>Verifies that the current page title equals ``title``.</doc>
<msg timestamp="20241113 22:26:14.514" level="INFO">Page title is 'Register'.</msg>
<status status="PASS" starttime="20241113 22:26:14.001" endtime="20241113 22:26:14.514"/>
</kw>
<status status="PASS" starttime="20241113 22:26:14.000" endtime="20241113 22:26:14.514"/>
</kw>
<status status="PASS" starttime="20241113 22:26:11.823" endtime="20241113 22:26:14.515"/>
</test>
<kw name="Close Browser" library="SeleniumLibrary" type="TEARDOWN">
<doc>Closes the current browser.</doc>
<status status="PASS" starttime="20241113 22:26:14.517" endtime="20241113 22:26:15.079"/>
</kw>
<status status="PASS" starttime="20241113 22:26:08.095" endtime="20241113 22:26:15.079"/>
</suite>
<suite id="s1-s2" name="Login" source="/home/salonout/palautusrepositorio/viikko3/web-login/src/tests/login.robot">
<kw name="Open And Configure Browser" library="resource" type="SETUP">
<if>
<branch type="IF" condition="$BROWSER == 'chrome'">
<kw name="Evaluate" library="BuiltIn">
<var>${options}</var>
<arg>sys.modules['selenium.webdriver'].ChromeOptions()</arg>
<arg>sys</arg>
<doc>Evaluates the given expression in Python and returns the result.</doc>
<msg timestamp="20241113 22:26:15.090" level="INFO">${options} = &lt;selenium.webdriver.chrome.options.Options object at 0x7d30d14114e0&gt;</msg>
<status status="PASS" starttime="20241113 22:26:15.089" endtime="20241113 22:26:15.090"/>
</kw>
<status status="PASS" starttime="20241113 22:26:15.089" endtime="20241113 22:26:15.090"/>
</branch>
<branch type="ELSE IF" condition="$BROWSER == 'firefox'">
<kw name="Evaluate" library="BuiltIn">
<var>${options}</var>
<arg>sys.modules['selenium.webdriver'].FirefoxOptions()</arg>
<arg>sys</arg>
<doc>Evaluates the given expression in Python and returns the result.</doc>
<status status="NOT RUN" starttime="20241113 22:26:15.090" endtime="20241113 22:26:15.090"/>
</kw>
<status status="NOT RUN" starttime="20241113 22:26:15.090" endtime="20241113 22:26:15.090"/>
</branch>
<status status="PASS" starttime="20241113 22:26:15.089" endtime="20241113 22:26:15.090"/>
</if>
<if>
<branch type="IF" condition="$HEADLESS == 'true'">
<kw name="Set Selenium Speed" library="SeleniumLibrary">
<arg>0</arg>
<doc>Sets the delay that is waited after each Selenium command.</doc>
<status status="NOT RUN" starttime="20241113 22:26:15.091" endtime="20241113 22:26:15.091"/>
</kw>
<kw name="Call Method" library="BuiltIn">
<arg>${options}</arg>
<arg>add_argument</arg>
<arg>--headless</arg>
<doc>Calls the named method of the given object with the provided arguments.</doc>
<status status="NOT RUN" starttime="20241113 22:26:15.091" endtime="20241113 22:26:15.091"/>
</kw>
<status status="NOT RUN" starttime="20241113 22:26:15.091" endtime="20241113 22:26:15.091"/>
</branch>
<branch type="ELSE">
<kw name="Set Selenium Speed" library="SeleniumLibrary">
<arg>${DELAY}</arg>
<doc>Sets the delay that is waited after each Selenium command.</doc>
<status status="PASS" starttime="20241113 22:26:15.092" endtime="20241113 22:26:15.092"/>
</kw>
<status status="PASS" starttime="20241113 22:26:15.091" endtime="20241113 22:26:15.092"/>
</branch>
<status status="PASS" starttime="20241113 22:26:15.091" endtime="20241113 22:26:15.092"/>
</if>
<kw name="Open Browser" library="SeleniumLibrary">
<arg>browser=${BROWSER}</arg>
<arg>options=${options}</arg>
<doc>Opens a new browser instance to the optional ``url``.</doc>
<msg timestamp="20241113 22:26:15.093" level="INFO">Opening browser 'chrome' to base url 'None'.</msg>
<msg timestamp="20241113 22:26:15.160" level="WARN">The chromedriver version (130.0.6723.91) detected in PATH at /usr/bin/chromedriver might not be compatible with the detected chrome version (131.0.6778.69); currently, chromedriver 131.0.6778.69 is recommended for chrome 131.*, so it is advised to delete the driver in PATH and retry</msg>
<status status="PASS" starttime="20241113 22:26:15.092" endtime="20241113 22:26:15.897"/>
</kw>
<status status="PASS" starttime="20241113 22:26:15.088" endtime="20241113 22:26:15.897"/>
</kw>
<test id="s1-s2-t1" name="Login With Correct Credentials" line="8">
<kw name="Reset Application Create User And Go To Login Page" type="SETUP">
<kw name="Reset Application" library="AppLibrary">
<status status="PASS" starttime="20241113 22:26:15.898" endtime="20241113 22:26:15.902"/>
</kw>
<kw name="Create User" library="AppLibrary">
<arg>kalle</arg>
<arg>kalle123</arg>
<status status="PASS" starttime="20241113 22:26:15.902" endtime="20241113 22:26:15.916"/>
</kw>
<kw name="Go To Login Page" library="resource">
<kw name="Go To" library="SeleniumLibrary">
<arg>${LOGIN_URL}</arg>
<doc>Navigates the current browser window to the provided ``url``.</doc>
<msg timestamp="20241113 22:26:15.918" level="INFO">Opening url 'http://localhost:5001/login'</msg>
<status status="PASS" starttime="20241113 22:26:15.917" endtime="20241113 22:26:16.502"/>
</kw>
<status status="PASS" starttime="20241113 22:26:15.917" endtime="20241113 22:26:16.502"/>
</kw>
<status status="PASS" starttime="20241113 22:26:15.898" endtime="20241113 22:26:16.502"/>
</kw>
<kw name="Set Username">
<arg>kalle</arg>
<kw name="Input Text" library="SeleniumLibrary">
<arg>username</arg>
<arg>${username}</arg>
<doc>Types the given ``text`` into the text field identified by ``locator``.</doc>
<msg timestamp="20241113 22:26:16.506" level="INFO">Typing text 'kalle' into text field 'username'.</msg>
<status status="PASS" starttime="20241113 22:26:16.504" endtime="20241113 22:26:18.171"/>
</kw>
<status status="PASS" starttime="20241113 22:26:16.503" endtime="20241113 22:26:18.171"/>
</kw>
<kw name="Set Password">
<arg>kalle123</arg>
<kw name="Input Password" library="SeleniumLibrary">
<arg>password</arg>
<arg>${password}</arg>
<doc>Types the given password into the text field identified by ``locator``.</doc>
<msg timestamp="20241113 22:26:18.174" level="INFO">Typing password into text field 'password'.</msg>
<msg timestamp="20241113 22:26:19.233" level="INFO">Temporally setting log level to: NONE</msg>
<msg timestamp="20241113 22:26:19.799" level="INFO">Log level changed from NONE to INFO.</msg>
<status status="PASS" starttime="20241113 22:26:18.173" endtime="20241113 22:26:19.799"/>
</kw>
<status status="PASS" starttime="20241113 22:26:18.172" endtime="20241113 22:26:19.800"/>
</kw>
<kw name="Submit Credentials">
<kw name="Click Button" library="SeleniumLibrary">
<arg>Login</arg>
<doc>Clicks the button identified by ``locator``.</doc>
<msg timestamp="20241113 22:26:19.802" level="INFO">Clicking button 'Login'.</msg>
<status status="PASS" starttime="20241113 22:26:19.801" endtime="20241113 22:26:21.942"/>
</kw>
<status status="PASS" starttime="20241113 22:26:19.800" endtime="20241113 22:26:21.943"/>
</kw>
<kw name="Login Should Succeed">
<kw name="Main Page Should Be Open" library="resource">
<kw name="Title Should Be" library="SeleniumLibrary">
<arg>Ohtu Application main page</arg>
<doc>Verifies that the current page title equals ``title``.</doc>
<msg timestamp="20241113 22:26:22.454" level="INFO">Page title is 'Ohtu Application main page'.</msg>
<status status="PASS" starttime="20241113 22:26:21.944" endtime="20241113 22:26:22.455"/>
</kw>
<status status="PASS" starttime="20241113 22:26:21.943" endtime="20241113 22:26:22.455"/>
</kw>
<status status="PASS" starttime="20241113 22:26:21.943" endtime="20241113 22:26:22.455"/>
</kw>
<status status="PASS" starttime="20241113 22:26:15.897" endtime="20241113 22:26:22.456"/>
</test>
<test id="s1-s2-t2" name="Login With Incorrect Password" line="14">
<kw name="Reset Application Create User And Go To Login Page" type="SETUP">
<kw name="Reset Application" library="AppLibrary">
<status status="PASS" starttime="20241113 22:26:22.460" endtime="20241113 22:26:22.465"/>
</kw>
<kw name="Create User" library="AppLibrary">
<arg>kalle</arg>
<arg>kalle123</arg>
<status status="PASS" starttime="20241113 22:26:22.465" endtime="20241113 22:26:22.476"/>
</kw>
<kw name="Go To Login Page" library="resource">
<kw name="Go To" library="SeleniumLibrary">
<arg>${LOGIN_URL}</arg>
<doc>Navigates the current browser window to the provided ``url``.</doc>
<msg timestamp="20241113 22:26:22.477" level="INFO">Opening url 'http://localhost:5001/login'</msg>
<status status="PASS" starttime="20241113 22:26:22.476" endtime="20241113 22:26:23.022"/>
</kw>
<status status="PASS" starttime="20241113 22:26:22.476" endtime="20241113 22:26:23.022"/>
</kw>
<status status="PASS" starttime="20241113 22:26:22.459" endtime="20241113 22:26:23.023"/>
</kw>
<kw name="Set Username">
<arg>kalle</arg>
<kw name="Input Text" library="SeleniumLibrary">
<arg>username</arg>
<arg>${username}</arg>
<doc>Types the given ``text`` into the text field identified by ``locator``.</doc>
<msg timestamp="20241113 22:26:23.025" level="INFO">Typing text 'kalle' into text field 'username'.</msg>
<status status="PASS" starttime="20241113 22:26:23.024" endtime="20241113 22:26:24.661"/>
</kw>
<status status="PASS" starttime="20241113 22:26:23.023" endtime="20241113 22:26:24.662"/>
</kw>
<kw name="Set Password">
<arg>kalle456</arg>
<kw name="Input Password" library="SeleniumLibrary">
<arg>password</arg>
<arg>${password}</arg>
<doc>Types the given password into the text field identified by ``locator``.</doc>
<msg timestamp="20241113 22:26:24.666" level="INFO">Typing password into text field 'password'.</msg>
<msg timestamp="20241113 22:26:25.718" level="INFO">Temporally setting log level to: NONE</msg>
<msg timestamp="20241113 22:26:26.291" level="INFO">Log level changed from NONE to INFO.</msg>
<status status="PASS" starttime="20241113 22:26:24.664" endtime="20241113 22:26:26.292"/>
</kw>
<status status="PASS" starttime="20241113 22:26:24.663" endtime="20241113 22:26:26.292"/>
</kw>
<kw name="Submit Credentials">
<kw name="Click Button" library="SeleniumLibrary">
<arg>Login</arg>
<doc>Clicks the button identified by ``locator``.</doc>
<msg timestamp="20241113 22:26:26.296" level="INFO">Clicking button 'Login'.</msg>
<status status="PASS" starttime="20241113 22:26:26.295" endtime="20241113 22:26:28.418"/>
</kw>
<status status="PASS" starttime="20241113 22:26:26.293" endtime="20241113 22:26:28.419"/>
</kw>
<kw name="Login Should Fail With Message">
<arg>Invalid username or password</arg>
<kw name="Login Page Should Be Open" library="resource">
<kw name="Title Should Be" library="SeleniumLibrary">
<arg>Login</arg>
<doc>Verifies that the current page title equals ``title``.</doc>
<msg timestamp="20241113 22:26:28.933" level="INFO">Page title is 'Login'.</msg>
<status status="PASS" starttime="20241113 22:26:28.421" endtime="20241113 22:26:28.934"/>
</kw>
<status status="PASS" starttime="20241113 22:26:28.420" endtime="20241113 22:26:28.934"/>
</kw>
<kw name="Page Should Contain" library="SeleniumLibrary">
<arg>${message}</arg>
<doc>Verifies that current page contains ``text``.</doc>
<msg timestamp="20241113 22:26:29.970" level="INFO">Current page contains text 'Invalid username or password'.</msg>
<status status="PASS" starttime="20241113 22:26:28.934" endtime="20241113 22:26:29.970"/>
</kw>
<status status="PASS" starttime="20241113 22:26:28.419" endtime="20241113 22:26:29.970"/>
</kw>
<status status="PASS" starttime="20241113 22:26:22.457" endtime="20241113 22:26:29.971"/>
</test>
<test id="s1-s2-t3" name="Login with Nonexistent Username" line="20">
<kw name="Reset Application Create User And Go To Login Page" type="SETUP">
<kw name="Reset Application" library="AppLibrary">
<status status="PASS" starttime="20241113 22:26:29.974" endtime="20241113 22:26:29.980"/>
</kw>
<kw name="Create User" library="AppLibrary">
<arg>kalle</arg>
<arg>kalle123</arg>
<status status="PASS" starttime="20241113 22:26:29.980" endtime="20241113 22:26:29.989"/>
</kw>
<kw name="Go To Login Page" library="resource">
<kw name="Go To" library="SeleniumLibrary">
<arg>${LOGIN_URL}</arg>
<doc>Navigates the current browser window to the provided ``url``.</doc>
<msg timestamp="20241113 22:26:29.990" level="INFO">Opening url 'http://localhost:5001/login'</msg>
<status status="PASS" starttime="20241113 22:26:29.990" endtime="20241113 22:26:30.523"/>
</kw>
<status status="PASS" starttime="20241113 22:26:29.989" endtime="20241113 22:26:30.524"/>
</kw>
<status status="PASS" starttime="20241113 22:26:29.973" endtime="20241113 22:26:30.524"/>
</kw>
<kw name="Set Username">
<arg>Non_existent_user</arg>
<kw name="Input Text" library="SeleniumLibrary">
<arg>username</arg>
<arg>${username}</arg>
<doc>Types the given ``text`` into the text field identified by ``locator``.</doc>
<msg timestamp="20241113 22:26:30.527" level="INFO">Typing text 'Non_existent_user' into text field 'username'.</msg>
<status status="PASS" starttime="20241113 22:26:30.526" endtime="20241113 22:26:32.160"/>
</kw>
<status status="PASS" starttime="20241113 22:26:30.525" endtime="20241113 22:26:32.161"/>
</kw>
<kw name="Set Password">
<arg>kalle123</arg>
<kw name="Input Password" library="SeleniumLibrary">
<arg>password</arg>
<arg>${password}</arg>
<doc>Types the given password into the text field identified by ``locator``.</doc>
<msg timestamp="20241113 22:26:32.164" level="INFO">Typing password into text field 'password'.</msg>
<msg timestamp="20241113 22:26:33.217" level="INFO">Temporally setting log level to: NONE</msg>
<msg timestamp="20241113 22:26:33.781" level="INFO">Log level changed from NONE to INFO.</msg>
<status status="PASS" starttime="20241113 22:26:32.162" endtime="20241113 22:26:33.782"/>
</kw>
<status status="PASS" starttime="20241113 22:26:32.161" endtime="20241113 22:26:33.782"/>
</kw>
<kw name="Submit Credentials">
<kw name="Click Button" library="SeleniumLibrary">
<arg>Login</arg>
<doc>Clicks the button identified by ``locator``.</doc>
<msg timestamp="20241113 22:26:33.786" level="INFO">Clicking button 'Login'.</msg>
<status status="PASS" starttime="20241113 22:26:33.785" endtime="20241113 22:26:35.903"/>
</kw>
<status status="PASS" starttime="20241113 22:26:33.783" endtime="20241113 22:26:35.903"/>
</kw>
<kw name="Login Should Fail With Message">
<arg>Invalid username or password</arg>
<kw name="Login Page Should Be Open" library="resource">
<kw name="Title Should Be" library="SeleniumLibrary">
<arg>Login</arg>
<doc>Verifies that the current page title equals ``title``.</doc>
<msg timestamp="20241113 22:26:36.416" level="INFO">Page title is 'Login'.</msg>
<status status="PASS" starttime="20241113 22:26:35.905" endtime="20241113 22:26:36.417"/>
</kw>
<status status="PASS" starttime="20241113 22:26:35.905" endtime="20241113 22:26:36.418"/>
</kw>
<kw name="Page Should Contain" library="SeleniumLibrary">
<arg>${message}</arg>
<doc>Verifies that current page contains ``text``.</doc>
<msg timestamp="20241113 22:26:37.446" level="INFO">Current page contains text 'Invalid username or password'.</msg>
<status status="PASS" starttime="20241113 22:26:36.418" endtime="20241113 22:26:37.447"/>
</kw>
<status status="PASS" starttime="20241113 22:26:35.904" endtime="20241113 22:26:37.447"/>
</kw>
<status status="PASS" starttime="20241113 22:26:29.972" endtime="20241113 22:26:37.448"/>
</test>
<kw name="Close Browser" library="SeleniumLibrary" type="TEARDOWN">
<doc>Closes the current browser.</doc>
<status status="PASS" starttime="20241113 22:26:37.449" endtime="20241113 22:26:38.012"/>
</kw>
<status status="PASS" starttime="20241113 22:26:15.082" endtime="20241113 22:26:38.012"/>
</suite>
<status status="PASS" starttime="20241113 22:26:08.078" endtime="20241113 22:26:38.014"/>
</suite>
<statistics>
<total>
<stat pass="5" fail="0" skip="0">All Tests</stat>
</total>
<tag>
</tag>
<suite>
<stat pass="5" fail="0" skip="0" id="s1" name="Tests">Tests</stat>
<stat pass="2" fail="0" skip="0" id="s1-s1" name="Home">Tests.Home</stat>
<stat pass="3" fail="0" skip="0" id="s1-s2" name="Login">Tests.Login</stat>
</suite>
</statistics>
<errors>
<msg timestamp="20241113 22:26:08.397" level="WARN">The chromedriver version (130.0.6723.91) detected in PATH at /usr/bin/chromedriver might not be compatible with the detected chrome version (131.0.6778.69); currently, chromedriver 131.0.6778.69 is recommended for chrome 131.*, so it is advised to delete the driver in PATH and retry</msg>
<msg timestamp="20241113 22:26:15.160" level="WARN">The chromedriver version (130.0.6723.91) detected in PATH at /usr/bin/chromedriver might not be compatible with the detected chrome version (131.0.6778.69); currently, chromedriver 131.0.6778.69 is recommended for chrome 131.*, so it is advised to delete the driver in PATH and retry</msg>
</errors>
</robot>
